<?xml version="1.0" encoding="UTF-8"?>
<!-- Generated by org.testng.reporters.JUnitXMLReporter -->
<testsuite ignored="0" hostname="Thirosh" failures="0" tests="3" name="Surefire test" time="44.644" errors="0" timestamp="2024-07-15T00:13:05 IST">
  <testcase classname="com.dlad.qa.testcases.HomePageTest" name="verifyUserRedirectsToTheHomePage" time="0.056"/>
  <testcase classname="com.dlad.qa.testcases.HomePageTest" name="verifyDisplayTheHomePageCardNames" time="0.185"/>
  <testcase classname="com.dlad.qa.testcases.HomePageTest" name="verifyDisplayTheHomePageCardCounts" time="0.537"/>
</testsuite> <!-- Surefire test -->
