<?xml version="1.0" encoding="UTF-8"?>
<!-- Generated by org.testng.reporters.JUnitXMLReporter -->
<testsuite ignored="0" hostname="Thirosh" failures="0" tests="3" name="DLAD QA Testing" time="44.655" errors="0" timestamp="2024-07-15T00:22:10 IST">
  <testcase classname="com.dlad.qa.testcases.HomePageTest" name="verifyUserRedirectsToTheHomePage" time="0.084"/>
  <testcase classname="com.dlad.qa.testcases.HomePageTest" name="verifyDisplayTheHomePageCardNames" time="0.184"/>
  <testcase classname="com.dlad.qa.testcases.HomePageTest" name="verifyDisplayTheHomePageCardCounts" time="0.52"/>
</testsuite> <!-- DLAD QA Testing -->
