<?xml version="1.0" encoding="UTF-8"?>
<testng-results ignored="0" total="3" passed="3" failed="0" skipped="0">
  <reporter-output>
  </reporter-output>
  <suite started-at="2024-07-15T00:21:23 IST" name="DLAD CRM Automation Test Suite" finished-at="2024-07-15T00:22:08 IST" duration-ms="44655">
    <groups>
    </groups>
    <test started-at="2024-07-15T00:21:23 IST" name="DLAD QA Testing" finished-at="2024-07-15T00:22:08 IST" duration-ms="44655">
      <class name="com.dlad.qa.testcases.HomePageTest">
        <test-method is-config="true" signature="beforeMethod()[pri:0, instance:com.dlad.qa.testcases.HomePageTest@1fa1cab1]" started-at="2024-07-15T00:21:24 IST" name="beforeMethod" finished-at="2024-07-15T00:21:40 IST" duration-ms="16304" status="PASS">
          <reporter-output>
          </reporter-output>
        </test-method> <!-- beforeMethod -->
        <test-method signature="verifyUserRedirectsToTheHomePage()[pri:1, instance:com.dlad.qa.testcases.HomePageTest@1fa1cab1]" started-at="2024-07-15T00:21:40 IST" name="verifyUserRedirectsToTheHomePage" finished-at="2024-07-15T00:21:40 IST" duration-ms="84" status="PASS">
          <reporter-output>
          </reporter-output>
        </test-method> <!-- verifyUserRedirectsToTheHomePage -->
        <test-method is-config="true" signature="afterMethod()[pri:0, instance:com.dlad.qa.testcases.HomePageTest@1fa1cab1]" started-at="2024-07-15T00:21:40 IST" name="afterMethod" finished-at="2024-07-15T00:21:41 IST" duration-ms="451" status="PASS">
          <reporter-output>
          </reporter-output>
        </test-method> <!-- afterMethod -->
        <test-method is-config="true" signature="beforeMethod()[pri:0, instance:com.dlad.qa.testcases.HomePageTest@1fa1cab1]" started-at="2024-07-15T00:21:41 IST" name="beforeMethod" finished-at="2024-07-15T00:21:53 IST" duration-ms="12736" status="PASS">
          <reporter-output>
          </reporter-output>
        </test-method> <!-- beforeMethod -->
        <test-method signature="verifyDisplayTheHomePageCardNames()[pri:2, instance:com.dlad.qa.testcases.HomePageTest@1fa1cab1]" started-at="2024-07-15T00:21:53 IST" name="verifyDisplayTheHomePageCardNames" finished-at="2024-07-15T00:21:54 IST" duration-ms="184" status="PASS">
          <reporter-output>
          </reporter-output>
        </test-method> <!-- verifyDisplayTheHomePageCardNames -->
        <test-method is-config="true" signature="afterMethod()[pri:0, instance:com.dlad.qa.testcases.HomePageTest@1fa1cab1]" started-at="2024-07-15T00:21:54 IST" name="afterMethod" finished-at="2024-07-15T00:21:54 IST" duration-ms="406" status="PASS">
          <reporter-output>
          </reporter-output>
        </test-method> <!-- afterMethod -->
        <test-method is-config="true" signature="beforeMethod()[pri:0, instance:com.dlad.qa.testcases.HomePageTest@1fa1cab1]" started-at="2024-07-15T00:21:54 IST" name="beforeMethod" finished-at="2024-07-15T00:22:06 IST" duration-ms="12424" status="PASS">
          <reporter-output>
          </reporter-output>
        </test-method> <!-- beforeMethod -->
        <test-method signature="verifyDisplayTheHomePageCardCounts()[pri:3, instance:com.dlad.qa.testcases.HomePageTest@1fa1cab1]" started-at="2024-07-15T00:22:06 IST" name="verifyDisplayTheHomePageCardCounts" finished-at="2024-07-15T00:22:07 IST" duration-ms="520" status="PASS">
          <reporter-output>
          </reporter-output>
        </test-method> <!-- verifyDisplayTheHomePageCardCounts -->
        <test-method is-config="true" signature="afterMethod()[pri:0, instance:com.dlad.qa.testcases.HomePageTest@1fa1cab1]" started-at="2024-07-15T00:22:07 IST" name="afterMethod" finished-at="2024-07-15T00:22:08 IST" duration-ms="751" status="PASS">
          <reporter-output>
          </reporter-output>
        </test-method> <!-- afterMethod -->
      </class> <!-- com.dlad.qa.testcases.HomePageTest -->
    </test> <!-- DLAD QA Testing -->
  </suite> <!-- DLAD CRM Automation Test Suite -->
</testng-results>
