<?xml version="1.0" encoding="UTF-8"?>
<testsuite xmlns:xsi="http://www.w3.org/2001/XMLSchema-instance" xsi:noNamespaceSchemaLocation="https://maven.apache.org/surefire/maven-surefire-plugin/xsd/surefire-test-report.xsd" version="3.0.2" name="TestSuite" time="49.426" tests="3" errors="0" skipped="0" failures="0">
  <properties>
[...]
</properties>
  <testcase name="verifyUserRedirectsToTheHomePage" classname="com.dlad.qa.testcases.HomePageTest" time="0.086">
    <system-out><![CDATA[Execution of Project Test Started...!
]]></system-out>
  </testcase>
  <testcase name="verifyDisplayTheHomePageCardNames" classname="com.dlad.qa.testcases.HomePageTest" time="0.183">
    <system-out><![CDATA[Owned Leads
Owned BP
Lead Activities
BP Activities
]]></system-out>
  </testcase>
  <testcase name="verifyDisplayTheHomePageCardCounts" classname="com.dlad.qa.testcases.HomePageTest" time="0.519">
    <system-out><![CDATA[Owned Leads: 35
Owned BP: 0
Lead Activities: 32
BP Activities: 368
]]></system-out>
  </testcase>
</testsuite>