<?xml version="1.0" encoding="UTF-8"?>
<testsuite xmlns:xsi="http://www.w3.org/2001/XMLSchema-instance" xsi:noNamespaceSchemaLocation="https://maven.apache.org/surefire/maven-surefire-plugin/xsd/surefire-test-report.xsd" name="com.dlad.qa.testcases.LeadActivityList" time="100.764" tests="4" errors="0" skipped="0" failures="2">
  <properties>
[...]
</properties>
  <testcase name="verifyTheUserRedirectsToTheLeadActivityListPage" classname="com.dlad.qa.testcases.LeadActivityList" time="0.123"/>
  <testcase name="verifyTheCreatenewLeadActivityListFormOpen" classname="com.dlad.qa.testcases.LeadActivityList" time="0.397"/>
  <testcase name="verifyCreateNewActivityLeadsCloseButton" classname="com.dlad.qa.testcases.LeadActivityList" time="0.485">
    <failure message="javascript error: {&quot;status&quot;:32,&quot;value&quot;:&quot;Unable to locate an element with the xpath expression  because of the following error:\nSyntaxError: Failed to execute &apos;evaluate&apos; on &apos;Document&apos;: The string &apos;&apos; is not a valid XPath expression.&quot;}&#10;  (Session info: chrome=125.0.6422.142)&#10;Build info: version: &apos;4.20.0&apos;, revision: &apos;866c76ca80&apos;&#10;System info: os.name: &apos;Windows 11&apos;, os.arch: &apos;amd64&apos;, os.version: &apos;10.0&apos;, java.version: &apos;17.0.2&apos;&#10;Driver info: org.openqa.selenium.chrome.ChromeDriver&#10;Command: [2f04b9feefafce5a820f52bcfa22876d, findElement {value=, using=xpath}]&#10;Capabilities {acceptInsecureCerts: false, browserName: chrome, browserVersion: 125.0.6422.142, chrome: {chromedriverVersion: 125.0.6422.141 (4b1e8393712..., userDataDir: C:\Users\gggam\AppData\Loca...}, fedcm:accounts: true, goog:chromeOptions: {debuggerAddress: localhost:1491}, networkConnectionEnabled: false, pageLoadStrategy: normal, platformName: windows, proxy: Proxy(), se:cdp: ws://localhost:1491/devtool..., se:cdpVersion: 125.0.6422.142, setWindowRect: true, strictFileInteractability: false, timeouts: {implicit: 0, pageLoad: 300000, script: 30000}, unhandledPromptBehavior: dismiss and notify, webauthn:extension:credBlob: true, webauthn:extension:largeBlob: true, webauthn:extension:minPinLength: true, webauthn:extension:prf: true, webauthn:virtualAuthenticators: true}&#10;Session ID: 2f04b9feefafce5a820f52bcfa22876d" type="org.openqa.selenium.JavascriptException">org.openqa.selenium.JavascriptException: 
javascript error: {"status":32,"value":"Unable to locate an element with the xpath expression  because of the following error:\nSyntaxError: Failed to execute 'evaluate' on 'Document': The string '' is not a valid XPath expression."}
  (Session info: chrome=125.0.6422.142)
Build info: version: '4.20.0', revision: '866c76ca80'
System info: os.name: 'Windows 11', os.arch: 'amd64', os.version: '10.0', java.version: '17.0.2'
Driver info: org.openqa.selenium.chrome.ChromeDriver
Command: [2f04b9feefafce5a820f52bcfa22876d, findElement {value=, using=xpath}]
Capabilities {acceptInsecureCerts: false, browserName: chrome, browserVersion: 125.0.6422.142, chrome: {chromedriverVersion: 125.0.6422.141 (4b1e8393712..., userDataDir: C:\Users\gggam\AppData\Loca...}, fedcm:accounts: true, goog:chromeOptions: {debuggerAddress: localhost:1491}, networkConnectionEnabled: false, pageLoadStrategy: normal, platformName: windows, proxy: Proxy(), se:cdp: ws://localhost:1491/devtool..., se:cdpVersion: 125.0.6422.142, setWindowRect: true, strictFileInteractability: false, timeouts: {implicit: 0, pageLoad: 300000, script: 30000}, unhandledPromptBehavior: dismiss and notify, webauthn:extension:credBlob: true, webauthn:extension:largeBlob: true, webauthn:extension:minPinLength: true, webauthn:extension:prf: true, webauthn:virtualAuthenticators: true}
Session ID: 2f04b9feefafce5a820f52bcfa22876d
	at com.dlad.qa.testcases.LeadActivityList.verifyCreateNewActivityLeadsCloseButton(LeadActivityList.java:64)
</failure>
    <system-err><![CDATA[Jun 07, 2024 6:52:24 AM org.openqa.selenium.devtools.CdpVersionFinder findNearestMatch
WARNING: Unable to find an exact match for CDP version 125, returning the closest version; found: 124; Please update to a Selenium version that supports CDP version 125
]]></system-err>
  </testcase>
  <testcase name="verifyTheNewActivityLeadWithValidData" classname="com.dlad.qa.testcases.LeadActivityList" time="13.806">
    <failure message="no such element: Unable to locate element: {&quot;method&quot;:&quot;xpath&quot;,&quot;selector&quot;:&quot;//div[@class=&apos;relative overflow-hidden&apos;]/div/div/div/div/div[1]&quot;}&#10;  (Session info: chrome=125.0.6422.142)&#10;For documentation on this error, please visit: https://www.selenium.dev/documentation/webdriver/troubleshooting/errors#no-such-element-exception&#10;Build info: version: &apos;4.20.0&apos;, revision: &apos;866c76ca80&apos;&#10;System info: os.name: &apos;Windows 11&apos;, os.arch: &apos;amd64&apos;, os.version: &apos;10.0&apos;, java.version: &apos;17.0.2&apos;&#10;Driver info: org.openqa.selenium.chrome.ChromeDriver&#10;Command: [a697dde15b220fed0087f0b42aa90796, findElement {value=//div[@class=&apos;relative overflow-hidden&apos;]/div/div/div/div/div[1], using=xpath}]&#10;Capabilities {acceptInsecureCerts: false, browserName: chrome, browserVersion: 125.0.6422.142, chrome: {chromedriverVersion: 125.0.6422.141 (4b1e8393712..., userDataDir: C:\Users\gggam\AppData\Loca...}, fedcm:accounts: true, goog:chromeOptions: {debuggerAddress: localhost:1530}, networkConnectionEnabled: false, pageLoadStrategy: normal, platformName: windows, proxy: Proxy(), se:cdp: ws://localhost:1530/devtool..., se:cdpVersion: 125.0.6422.142, setWindowRect: true, strictFileInteractability: false, timeouts: {implicit: 0, pageLoad: 300000, script: 30000}, unhandledPromptBehavior: dismiss and notify, webauthn:extension:credBlob: true, webauthn:extension:largeBlob: true, webauthn:extension:minPinLength: true, webauthn:extension:prf: true, webauthn:virtualAuthenticators: true}&#10;Session ID: a697dde15b220fed0087f0b42aa90796" type="org.openqa.selenium.NoSuchElementException">org.openqa.selenium.NoSuchElementException: 
no such element: Unable to locate element: {"method":"xpath","selector":"//div[@class='relative overflow-hidden']/div/div/div/div/div[1]"}
  (Session info: chrome=125.0.6422.142)
For documentation on this error, please visit: https://www.selenium.dev/documentation/webdriver/troubleshooting/errors#no-such-element-exception
Build info: version: '4.20.0', revision: '866c76ca80'
System info: os.name: 'Windows 11', os.arch: 'amd64', os.version: '10.0', java.version: '17.0.2'
Driver info: org.openqa.selenium.chrome.ChromeDriver
Command: [a697dde15b220fed0087f0b42aa90796, findElement {value=//div[@class='relative overflow-hidden']/div/div/div/div/div[1], using=xpath}]
Capabilities {acceptInsecureCerts: false, browserName: chrome, browserVersion: 125.0.6422.142, chrome: {chromedriverVersion: 125.0.6422.141 (4b1e8393712..., userDataDir: C:\Users\gggam\AppData\Loca...}, fedcm:accounts: true, goog:chromeOptions: {debuggerAddress: localhost:1530}, networkConnectionEnabled: false, pageLoadStrategy: normal, platformName: windows, proxy: Proxy(), se:cdp: ws://localhost:1530/devtool..., se:cdpVersion: 125.0.6422.142, setWindowRect: true, strictFileInteractability: false, timeouts: {implicit: 0, pageLoad: 300000, script: 30000}, unhandledPromptBehavior: dismiss and notify, webauthn:extension:credBlob: true, webauthn:extension:largeBlob: true, webauthn:extension:minPinLength: true, webauthn:extension:prf: true, webauthn:virtualAuthenticators: true}
Session ID: a697dde15b220fed0087f0b42aa90796
	at com.dlad.qa.testcases.LeadActivityList.verifyTheNewActivityLeadWithValidData(LeadActivityList.java:84)
</failure>
    <system-err><![CDATA[Jun 07, 2024 6:52:41 AM org.openqa.selenium.devtools.CdpVersionFinder findNearestMatch
WARNING: Unable to find an exact match for CDP version 125, returning the closest version; found: 124; Please update to a Selenium version that supports CDP version 125
]]></system-err>
  </testcase>
</testsuite>